========================================================================================
Report      : ERROR
Date        : Fri Feb 10 15:06:42 CST 2017
Description : ddsi_conn_write failed -1

Node        : devony-VirtualBox
Process     : MessageBoard <5587>
Thread      : tev 7efbf5261700
Internals   : V6.4.140407OSS/3b83e82/3b83e82/ddsi2/q_xmsg.c/1051/0/1486760802.138390780
========================================================================================
Report      : ERROR
Date        : Fri Feb 10 15:06:42 CST 2017
Description : ddsi_conn_write failed -1

Node        : devony-VirtualBox
Process     : MessageBoard <5587>
Thread      : xmit.user 7efbf520c700
Internals   : V6.4.140407OSS/3b83e82/3b83e82/ddsi2/q_xmsg.c/1051/0/1486760802.476926116
========================================================================================
Report      : ERROR
Date        : Fri Feb 10 15:06:42 CST 2017
Description : ddsi_conn_write failed -1

Node        : devony-VirtualBox
Process     : MessageBoard <5538>
Thread      : xmit.user 7efbf520c700
Internals   : V6.4.140407OSS/3b83e82/3b83e82/ddsi2/q_xmsg.c/1051/0/1486760802.983190780
========================================================================================
Report      : ERROR
Date        : Fri Feb 10 15:06:43 CST 2017
Description : ddsi_conn_write failed -1

Node        : devony-VirtualBox
Process     : MessageBoard <5538>
Thread      : xmit.user 7efbf520c700
Internals   : V6.4.140407OSS/3b83e82/3b83e82/ddsi2/q_xmsg.c/1051/0/1486760803.002917781
========================================================================================
Report      : ERROR
Date        : Fri Feb 10 15:06:43 CST 2017
Description : ddsi_conn_write failed -1

Node        : devony-VirtualBox
Process     : MessageBoard <5587>
Thread      : xmit.user 7efbf520c700
Internals   : V6.4.140407OSS/3b83e82/3b83e82/ddsi2/q_xmsg.c/1051/0/1486760803.002917779
========================================================================================
Report      : ERROR
Date        : Fri Feb 10 15:06:43 CST 2017
Description : ddsi_conn_write failed -1

Node        : devony-VirtualBox
Process     : MessageBoard <5538>
Thread      : tev 7efbf5261700
Internals   : V6.4.140407OSS/3b83e82/3b83e82/ddsi2/q_xmsg.c/1051/0/1486760803.103288056
========================================================================================
Report      : ERROR
Date        : Fri Feb 10 15:06:43 CST 2017
Description : ddsi_conn_write failed -1

Node        : devony-VirtualBox
Process     : MessageBoard <5587>
Thread      : tev 7efbf5261700
Internals   : V6.4.140407OSS/3b83e82/3b83e82/ddsi2/q_xmsg.c/1051/0/1486760803.103746256
========================================================================================
Report      : ERROR
Date        : Fri Feb 10 15:06:43 CST 2017
Description : ddsi_conn_write failed -1

Node        : devony-VirtualBox
Process     : MessageBoard <5538>
Thread      : tev 7efbf5261700
Internals   : V6.4.140407OSS/3b83e82/3b83e82/ddsi2/q_xmsg.c/1051/0/1486760803.203787010
========================================================================================
Report      : ERROR
Date        : Fri Feb 10 15:06:43 CST 2017
Description : ddsi_conn_write failed -1

Node        : devony-VirtualBox
Process     : MessageBoard <5587>
Thread      : tev 7efbf5261700
Internals   : V6.4.140407OSS/3b83e82/3b83e82/ddsi2/q_xmsg.c/1051/0/1486760803.204382122
========================================================================================
Report      : ERROR
Date        : Fri Feb 10 15:06:43 CST 2017
Description : ddsi_conn_write failed -1

Node        : devony-VirtualBox
Process     : MessageBoard <5587>
Thread      : tev 7efbf5261700
Internals   : V6.4.140407OSS/3b83e82/3b83e82/ddsi2/q_xmsg.c/1051/0/1486760803.358589481
========================================================================================
Report      : ERROR
Date        : Fri Feb 10 15:06:43 CST 2017
Description : ddsi_conn_write failed -1

Node        : devony-VirtualBox
Process     : MessageBoard <5538>
Thread      : tev 7efbf5261700
Internals   : V6.4.140407OSS/3b83e82/3b83e82/ddsi2/q_xmsg.c/1051/0/1486760803.405256557
========================================================================================
Report      : ERROR
Date        : Fri Feb 10 15:06:43 CST 2017
Description : ddsi_conn_write failed -1

Node        : devony-VirtualBox
Process     : MessageBoard <5587>
Thread      : tev 7efbf5261700
Internals   : V6.4.140407OSS/3b83e82/3b83e82/ddsi2/q_xmsg.c/1051/0/1486760803.405743161
========================================================================================
Report      : ERROR
Date        : Fri Feb 10 15:06:43 CST 2017
Description : ddsi_conn_write failed -1

Node        : devony-VirtualBox
Process     : MessageBoard <5538>
Thread      : tev 7efbf5261700
Internals   : V6.4.140407OSS/3b83e82/3b83e82/ddsi2/q_xmsg.c/1051/0/1486760803.805596079
========================================================================================
Report      : ERROR
Date        : Fri Feb 10 15:06:43 CST 2017
Description : ddsi_conn_write failed -1

Node        : devony-VirtualBox
Process     : MessageBoard <5587>
Thread      : tev 7efbf5261700
Internals   : V6.4.140407OSS/3b83e82/3b83e82/ddsi2/q_xmsg.c/1051/0/1486760803.806090376
========================================================================================
Report      : ERROR
Date        : Fri Feb 10 19:29:20 CST 2017
Description : Splice-daemon failed to renew its lease within the configured lease expiry-time (10.000000000). The lease renewal took 15063.219100337 s.
Node        : devony-VirtualBox
Process     : MessageBoard <5538>
Thread      : OSPL Lease Renew Thread 7efbf54ac700
Internals   : V6.4.140407OSS/3b83e82/3b83e82/OpenSplice domain service/spliced.c/153/0/1486776560.573698266
========================================================================================
Report      : ERROR
Date        : Fri Feb 10 19:29:20 CST 2017
Description : Durability failed to renew its lease within the configured lease expiry-time (10.000000000). The lease renewal took 15062.169621525 s.
Node        : devony-VirtualBox
Process     : MessageBoard <5538>
Thread      : leaseThread 7efbf51fb700
Internals   : V6.4.140407OSS/3b83e82/3b83e82/Durability Service/d_durability.c/182/0/1486776560.573948720
========================================================================================
Report      : ERROR
Date        : Fri Feb 10 19:29:20 CST 2017
Description : Splice-daemon failed to renew its lease within the configured lease expiry-time (10.000000000). The lease renewal took 15063.765164041 s.
Node        : devony-VirtualBox
Process     : MessageBoard <5587>
Thread      : OSPL Lease Renew Thread 7efbf54ac700
Internals   : V6.4.140407OSS/3b83e82/3b83e82/OpenSplice domain service/spliced.c/153/0/1486776560.603578241
========================================================================================
Report      : ERROR
Date        : Fri Feb 10 19:29:20 CST 2017
Description : Durability failed to renew its lease within the configured lease expiry-time (10.000000000). The lease renewal took 15063.555041625 s.
Node        : devony-VirtualBox
Process     : MessageBoard <5587>
Thread      : leaseThread 7efbf51fb700
Internals   : V6.4.140407OSS/3b83e82/3b83e82/Durability Service/d_durability.c/182/0/1486776560.603766616
========================================================================================
Report      : ERROR
Date        : Fri Feb 10 19:29:33 CST 2017
Description : ddsi_conn_write failed -1

Node        : devony-VirtualBox
Process     : MessageBoard <5587>
Thread      : tev 7efbf5261700
Internals   : V6.4.140407OSS/3b83e82/3b83e82/ddsi2/q_xmsg.c/1051/0/1486776573.371566980
========================================================================================
Report      : ERROR
Date        : Fri Feb 10 19:29:33 CST 2017
Description : ddsi_conn_write failed -1

Node        : devony-VirtualBox
Process     : MessageBoard <5538>
Thread      : xmit.user 7efbf520c700
Internals   : V6.4.140407OSS/3b83e82/3b83e82/ddsi2/q_xmsg.c/1051/0/1486776573.562093332
========================================================================================
Report      : ERROR
Date        : Fri Feb 10 19:29:33 CST 2017
Description : ddsi_conn_write failed -1

Node        : devony-VirtualBox
Process     : MessageBoard <5587>
Thread      : xmit.user 7efbf520c700
Internals   : V6.4.140407OSS/3b83e82/3b83e82/ddsi2/q_xmsg.c/1051/0/1486776573.577064941
========================================================================================
Report      : ERROR
Date        : Fri Feb 10 19:29:33 CST 2017
Description : ddsi_conn_write failed -1

Node        : devony-VirtualBox
Process     : MessageBoard <5538>
Thread      : tev 7efbf5261700
Internals   : V6.4.140407OSS/3b83e82/3b83e82/ddsi2/q_xmsg.c/1051/0/1486776573.662147050
========================================================================================
Report      : ERROR
Date        : Fri Feb 10 19:29:33 CST 2017
Description : ddsi_conn_write failed -1

Node        : devony-VirtualBox
Process     : MessageBoard <5587>
Thread      : tev 7efbf5261700
Internals   : V6.4.140407OSS/3b83e82/3b83e82/ddsi2/q_xmsg.c/1051/0/1486776573.677749031
========================================================================================
Report      : ERROR
Date        : Fri Feb 10 19:29:33 CST 2017
Description : ddsi_conn_write failed -1

Node        : devony-VirtualBox
Process     : MessageBoard <5538>
Thread      : tev 7efbf5261700
Internals   : V6.4.140407OSS/3b83e82/3b83e82/ddsi2/q_xmsg.c/1051/0/1486776573.762777545
========================================================================================
Report      : ERROR
Date        : Fri Feb 10 19:29:33 CST 2017
Description : ddsi_conn_write failed -1

Node        : devony-VirtualBox
Process     : MessageBoard <5587>
Thread      : tev 7efbf5261700
Internals   : V6.4.140407OSS/3b83e82/3b83e82/ddsi2/q_xmsg.c/1051/0/1486776573.778062745
========================================================================================
Report      : ERROR
Date        : Fri Feb 10 19:29:33 CST 2017
Description : ddsi_conn_write failed -1

Node        : devony-VirtualBox
Process     : MessageBoard <5538>
Thread      : tev 7efbf5261700
Internals   : V6.4.140407OSS/3b83e82/3b83e82/ddsi2/q_xmsg.c/1051/0/1486776573.963103911
========================================================================================
Report      : ERROR
Date        : Fri Feb 10 19:29:33 CST 2017
Description : ddsi_conn_write failed -1

Node        : devony-VirtualBox
Process     : MessageBoard <5587>
Thread      : tev 7efbf5261700
Internals   : V6.4.140407OSS/3b83e82/3b83e82/ddsi2/q_xmsg.c/1051/0/1486776573.978269033
========================================================================================
Report      : ERROR
Date        : Fri Feb 10 19:29:34 CST 2017
Description : ddsi_conn_write failed -1

Node        : devony-VirtualBox
Process     : MessageBoard <5538>
Thread      : tev 7efbf5261700
Internals   : V6.4.140407OSS/3b83e82/3b83e82/ddsi2/q_xmsg.c/1051/0/1486776574.366269041
========================================================================================
Report      : ERROR
Date        : Fri Feb 10 19:29:34 CST 2017
Description : ddsi_conn_write failed -1

Node        : devony-VirtualBox
Process     : MessageBoard <5587>
Thread      : tev 7efbf5261700
Internals   : V6.4.140407OSS/3b83e82/3b83e82/ddsi2/q_xmsg.c/1051/0/1486776574.378357047
========================================================================================
Report      : ERROR
Date        : Fri Feb 10 19:29:34 CST 2017
Description : ddsi_conn_write failed -1

Node        : devony-VirtualBox
Process     : MessageBoard <5538>
Thread      : xmit.user 7efbf520c700
Internals   : V6.4.140407OSS/3b83e82/3b83e82/ddsi2/q_xmsg.c/1051/0/1486776574.554103611
========================================================================================
Report      : ERROR
Date        : Fri Feb 10 19:29:34 CST 2017
Description : ddsi_conn_write failed -1

Node        : devony-VirtualBox
Process     : MessageBoard <5538>
Thread      : xmit.user 7efbf520c700
Internals   : V6.4.140407OSS/3b83e82/3b83e82/ddsi2/q_xmsg.c/1051/0/1486776574.561826193
========================================================================================
Report      : ERROR
Date        : Fri Feb 10 19:29:34 CST 2017
Description : ddsi_conn_write failed -1

Node        : devony-VirtualBox
Process     : MessageBoard <5587>
Thread      : xmit.user 7efbf520c700
Internals   : V6.4.140407OSS/3b83e82/3b83e82/ddsi2/q_xmsg.c/1051/0/1486776574.574795836
========================================================================================
Report      : ERROR
Date        : Fri Feb 10 19:29:34 CST 2017
Description : ddsi_conn_write failed -1

Node        : devony-VirtualBox
Process     : MessageBoard <5587>
Thread      : xmit.user 7efbf520c700
Internals   : V6.4.140407OSS/3b83e82/3b83e82/ddsi2/q_xmsg.c/1051/0/1486776574.578595843
========================================================================================
Report      : ERROR
Date        : Fri Feb 10 19:29:34 CST 2017
Description : ddsi_conn_write failed -1

Node        : devony-VirtualBox
Process     : MessageBoard <5538>
Thread      : tev 7efbf5261700
Internals   : V6.4.140407OSS/3b83e82/3b83e82/ddsi2/q_xmsg.c/1051/0/1486776574.662235329
========================================================================================
Report      : ERROR
Date        : Fri Feb 10 19:29:34 CST 2017
Description : ddsi_conn_write failed -1

Node        : devony-VirtualBox
Process     : MessageBoard <5587>
Thread      : tev 7efbf5261700
Internals   : V6.4.140407OSS/3b83e82/3b83e82/ddsi2/q_xmsg.c/1051/0/1486776574.678703725
========================================================================================
Report      : ERROR
Date        : Fri Feb 10 19:31:23 CST 2017
Description : ddsi_conn_write failed -1

Node        : devony-VirtualBox
Process     : MessageBoard <5538>
Thread      : xmit.user 7efbf520c700
Internals   : V6.4.140407OSS/3b83e82/3b83e82/ddsi2/q_xmsg.c/1051/0/1486776683.661447740
========================================================================================
Report      : ERROR
Date        : Fri Feb 10 19:31:23 CST 2017
Description : ddsi_conn_write failed -1

Node        : devony-VirtualBox
Process     : MessageBoard <5587>
Thread      : xmit.user 7efbf520c700
Internals   : V6.4.140407OSS/3b83e82/3b83e82/ddsi2/q_xmsg.c/1051/0/1486776683.664364921
========================================================================================
Report      : ERROR
Date        : Fri Feb 10 19:31:23 CST 2017
Description : ddsi_conn_write failed -1

Node        : devony-VirtualBox
Process     : MessageBoard <5538>
Thread      : tev 7efbf5261700
Internals   : V6.4.140407OSS/3b83e82/3b83e82/ddsi2/q_xmsg.c/1051/0/1486776683.761840063
========================================================================================
Report      : ERROR
Date        : Fri Feb 10 19:31:23 CST 2017
Description : ddsi_conn_write failed -1

Node        : devony-VirtualBox
Process     : MessageBoard <5587>
Thread      : tev 7efbf5261700
Internals   : V6.4.140407OSS/3b83e82/3b83e82/ddsi2/q_xmsg.c/1051/0/1486776683.767830033
========================================================================================
Report      : ERROR
Date        : Fri Feb 10 19:31:23 CST 2017
Description : ddsi_conn_write failed -1

Node        : devony-VirtualBox
Process     : MessageBoard <5538>
Thread      : tev 7efbf5261700
Internals   : V6.4.140407OSS/3b83e82/3b83e82/ddsi2/q_xmsg.c/1051/0/1486776683.861938432
========================================================================================
Report      : ERROR
Date        : Fri Feb 10 19:31:23 CST 2017
Description : ddsi_conn_write failed -1

Node        : devony-VirtualBox
Process     : MessageBoard <5587>
Thread      : tev 7efbf5261700
Internals   : V6.4.140407OSS/3b83e82/3b83e82/ddsi2/q_xmsg.c/1051/0/1486776683.874580558
========================================================================================
Report      : ERROR
Date        : Fri Feb 10 19:31:24 CST 2017
Description : ddsi_conn_write failed -1

Node        : devony-VirtualBox
Process     : MessageBoard <5538>
Thread      : tev 7efbf5261700
Internals   : V6.4.140407OSS/3b83e82/3b83e82/ddsi2/q_xmsg.c/1051/0/1486776684.064671464
========================================================================================
Report      : ERROR
Date        : Fri Feb 10 19:31:24 CST 2017
Description : ddsi_conn_write failed -1

Node        : devony-VirtualBox
Process     : MessageBoard <5587>
Thread      : tev 7efbf5261700
Internals   : V6.4.140407OSS/3b83e82/3b83e82/ddsi2/q_xmsg.c/1051/0/1486776684.083510008
========================================================================================
Report      : ERROR
Date        : Fri Feb 10 19:31:24 CST 2017
Description : ddsi_conn_write failed -1

Node        : devony-VirtualBox
Process     : MessageBoard <5538>
Thread      : tev 7efbf5261700
Internals   : V6.4.140407OSS/3b83e82/3b83e82/ddsi2/q_xmsg.c/1051/0/1486776684.464664701
========================================================================================
Report      : ERROR
Date        : Fri Feb 10 19:31:24 CST 2017
Description : ddsi_conn_write failed -1

Node        : devony-VirtualBox
Process     : MessageBoard <5587>
Thread      : tev 7efbf5261700
Internals   : V6.4.140407OSS/3b83e82/3b83e82/ddsi2/q_xmsg.c/1051/0/1486776684.483550639
========================================================================================
Report      : ERROR
Date        : Fri Feb 10 19:31:24 CST 2017
Description : ddsi_conn_write failed -1

Node        : devony-VirtualBox
Process     : MessageBoard <5538>
Thread      : xmit.user 7efbf520c700
Internals   : V6.4.140407OSS/3b83e82/3b83e82/ddsi2/q_xmsg.c/1051/0/1486776684.611174241
========================================================================================
Report      : ERROR
Date        : Fri Feb 10 19:31:24 CST 2017
Description : ddsi_conn_write failed -1

Node        : devony-VirtualBox
Process     : MessageBoard <5587>
Thread      : xmit.user 7efbf520c700
Internals   : V6.4.140407OSS/3b83e82/3b83e82/ddsi2/q_xmsg.c/1051/0/1486776684.611552824
========================================================================================
Report      : ERROR
Date        : Fri Feb 10 19:31:24 CST 2017
Description : ddsi_conn_write failed -1

Node        : devony-VirtualBox
Process     : MessageBoard <5538>
Thread      : xmit.user 7efbf520c700
Internals   : V6.4.140407OSS/3b83e82/3b83e82/ddsi2/q_xmsg.c/1051/0/1486776684.661586227
========================================================================================
Report      : ERROR
Date        : Fri Feb 10 19:31:24 CST 2017
Description : ddsi_conn_write failed -1

Node        : devony-VirtualBox
Process     : MessageBoard <5587>
Thread      : xmit.user 7efbf520c700
Internals   : V6.4.140407OSS/3b83e82/3b83e82/ddsi2/q_xmsg.c/1051/0/1486776684.664753892
========================================================================================
Report      : ERROR
Date        : Fri Feb 10 19:31:24 CST 2017
Description : ddsi_conn_write failed -1

Node        : devony-VirtualBox
Process     : MessageBoard <5538>
Thread      : tev 7efbf5261700
Internals   : V6.4.140407OSS/3b83e82/3b83e82/ddsi2/q_xmsg.c/1051/0/1486776684.762171521
========================================================================================
Report      : ERROR
Date        : Fri Feb 10 19:31:24 CST 2017
Description : ddsi_conn_write failed -1

Node        : devony-VirtualBox
Process     : MessageBoard <5587>
Thread      : tev 7efbf5261700
Internals   : V6.4.140407OSS/3b83e82/3b83e82/ddsi2/q_xmsg.c/1051/0/1486776684.768093579
========================================================================================
Report      : ERROR
Date        : Fri Feb 10 19:31:24 CST 2017
Description : ddsi_conn_write failed -1

Node        : devony-VirtualBox
Process     : MessageBoard <5538>
Thread      : tev 7efbf5261700
Internals   : V6.4.140407OSS/3b83e82/3b83e82/ddsi2/q_xmsg.c/1051/0/1486776684.862692481
========================================================================================
Report      : ERROR
Date        : Fri Feb 10 19:31:24 CST 2017
Description : ddsi_conn_write failed -1

Node        : devony-VirtualBox
Process     : MessageBoard <5587>
Thread      : tev 7efbf5261700
Internals   : V6.4.140407OSS/3b83e82/3b83e82/ddsi2/q_xmsg.c/1051/0/1486776684.868684519
========================================================================================
Report      : ERROR
Date        : Sat Feb 11 12:14:59 CST 2017
Description : Failed to connect to/create the default domain
Node        : devony-VirtualBox
Process     : MessageBoard <3574>
Thread      : main thread 7efbf7fd9740
Internals   : V6.4.140407OSS/3b83e82/3b83e82/gapi::gapi_domainParticipantFactory::gapi_domainParticipantFactory_create_participant/gapi_domainParticipantFactory.c/280/0/1486836899.252735671
========================================================================================
Report      : ERROR
Date        : Sat Feb 11 12:15:22 CST 2017
Description : Failed to connect to/create the default domain
Node        : devony-VirtualBox
Process     : MessageBoard <3578>
Thread      : main thread 7efbf7fd9740
Internals   : V6.4.140407OSS/3b83e82/3b83e82/gapi::gapi_domainParticipantFactory::gapi_domainParticipantFactory_create_participant/gapi_domainParticipantFactory.c/280/0/1486836922.670209273
========================================================================================
Report      : ERROR
Date        : Sat Feb 11 13:58:09 CST 2017
Description : Failed to connect to/create the default domain
Node        : devony-VirtualBox
Process     : MessageBoard <3668>
Thread      : main thread 7efbf7fd9740
Internals   : V6.4.140407OSS/3b83e82/3b83e82/gapi::gapi_domainParticipantFactory::gapi_domainParticipantFactory_create_participant/gapi_domainParticipantFactory.c/280/0/1486843089.423531766
========================================================================================
Report      : ERROR
Date        : Sat Feb 11 14:35:11 CST 2017
Description : rtps_init: failed to find a free participant index for domain 0

Node        : devony-VirtualBox
Process     : Chatter <5268>
Thread      : ddsi2 7efbf559c700
Internals   : V6.4.140407OSS/3b83e82/3b83e82/ddsi2/q_init.c/540/0/1486845311.123165608
========================================================================================
Report      : ERROR
Date        : Sat Feb 11 14:35:27 CST 2017
Description : Splice-daemon failed to renew its lease within the configured lease expiry-time (10.000000000). The lease renewal took 857.426124848 s.
Node        : devony-VirtualBox
Process     : Chatter <4173>
Thread      : OSPL Lease Renew Thread 7efbf54ac700
Internals   : V6.4.140407OSS/3b83e82/3b83e82/OpenSplice domain service/spliced.c/153/0/1486845327.846822365
========================================================================================
Report      : ERROR
Date        : Sat Feb 11 14:35:27 CST 2017
Description : Durability failed to renew its lease within the configured lease expiry-time (10.000000000). The lease renewal took 857.242257245 s.
Node        : devony-VirtualBox
Process     : Chatter <4173>
Thread      : leaseThread 7efbf51fb700
Internals   : V6.4.140407OSS/3b83e82/3b83e82/Durability Service/d_durability.c/182/0/1486845327.847343054
========================================================================================
Report      : ERROR
Date        : Sat Feb 11 14:35:27 CST 2017
Description : Durability failed to renew its lease within the configured lease expiry-time (10.000000000). The lease renewal took 321.918922805 s.
Node        : devony-VirtualBox
Process     : Chatter <5061>
Thread      : leaseThread 7efbf51fb700
Internals   : V6.4.140407OSS/3b83e82/3b83e82/Durability Service/d_durability.c/182/0/1486845327.853147307
========================================================================================
Report      : ERROR
Date        : Sat Feb 11 14:35:27 CST 2017
Description : Splice-daemon failed to renew its lease within the configured lease expiry-time (10.000000000). The lease renewal took 321.956758375 s.
Node        : devony-VirtualBox
Process     : Chatter <5061>
Thread      : OSPL Lease Renew Thread 7efbf54ac700
Internals   : V6.4.140407OSS/3b83e82/3b83e82/OpenSplice domain service/spliced.c/153/0/1486845327.853514850
========================================================================================
Report      : ERROR
Date        : Sat Feb 11 14:35:27 CST 2017
Description : Durability failed to renew its lease within the configured lease expiry-time (10.000000000). The lease renewal took 191.090608011 s.
Node        : devony-VirtualBox
Process     : Chatter <5208>
Thread      : leaseThread 7efbf51fb700
Internals   : V6.4.140407OSS/3b83e82/3b83e82/Durability Service/d_durability.c/182/0/1486845327.862879340
========================================================================================
Report      : ERROR
Date        : Sat Feb 11 14:35:27 CST 2017
Description : Splice-daemon failed to renew its lease within the configured lease expiry-time (10.000000000). The lease renewal took 189.833235803 s.
Node        : devony-VirtualBox
Process     : Chatter <5208>
Thread      : OSPL Lease Renew Thread 7efbf54ac700
Internals   : V6.4.140407OSS/3b83e82/3b83e82/OpenSplice domain service/spliced.c/153/0/1486845327.855474246
